mode: set
github.com/jutionck/golang-db-sinar-harapan-makmur-orm/usecase/auth_usecase.go:19.89,22.16 3 0
github.com/jutionck/golang-db-sinar-harapan-makmur-orm/usecase/auth_usecase.go:22.16,24.3 1 0
github.com/jutionck/golang-db-sinar-harapan-makmur-orm/usecase/auth_usecase.go:25.2,25.17 1 0
github.com/jutionck/golang-db-sinar-harapan-makmur-orm/usecase/auth_usecase.go:25.17,28.17 3 0
github.com/jutionck/golang-db-sinar-harapan-makmur-orm/usecase/auth_usecase.go:28.17,30.4 1 0
github.com/jutionck/golang-db-sinar-harapan-makmur-orm/usecase/auth_usecase.go:32.2,32.19 1 0
github.com/jutionck/golang-db-sinar-harapan-makmur-orm/usecase/auth_usecase.go:35.120,37.2 1 0
github.com/jutionck/golang-db-sinar-harapan-makmur-orm/usecase/brand_usecase.go:21.52,23.16 2 1
github.com/jutionck/golang-db-sinar-harapan-makmur-orm/usecase/brand_usecase.go:23.16,25.3 1 1
github.com/jutionck/golang-db-sinar-harapan-makmur-orm/usecase/brand_usecase.go:26.2,26.32 1 1
github.com/jutionck/golang-db-sinar-harapan-makmur-orm/usecase/brand_usecase.go:29.57,31.2 1 1
github.com/jutionck/golang-db-sinar-harapan-makmur-orm/usecase/brand_usecase.go:33.66,35.16 2 1
github.com/jutionck/golang-db-sinar-harapan-makmur-orm/usecase/brand_usecase.go:35.16,37.3 1 1
github.com/jutionck/golang-db-sinar-harapan-makmur-orm/usecase/brand_usecase.go:38.2,38.19 1 1
github.com/jutionck/golang-db-sinar-harapan-makmur-orm/usecase/brand_usecase.go:41.61,43.16 2 1
github.com/jutionck/golang-db-sinar-harapan-makmur-orm/usecase/brand_usecase.go:43.16,45.3 1 1
github.com/jutionck/golang-db-sinar-harapan-makmur-orm/usecase/brand_usecase.go:47.2,48.16 2 1
github.com/jutionck/golang-db-sinar-harapan-makmur-orm/usecase/brand_usecase.go:48.16,50.3 1 1
github.com/jutionck/golang-db-sinar-harapan-makmur-orm/usecase/brand_usecase.go:52.2,52.22 1 1
github.com/jutionck/golang-db-sinar-harapan-makmur-orm/usecase/brand_usecase.go:52.22,55.17 3 1
github.com/jutionck/golang-db-sinar-harapan-makmur-orm/usecase/brand_usecase.go:55.17,57.4 1 1
github.com/jutionck/golang-db-sinar-harapan-makmur-orm/usecase/brand_usecase.go:59.2,59.29 1 1
github.com/jutionck/golang-db-sinar-harapan-makmur-orm/usecase/brand_usecase.go:62.83,64.16 2 1
github.com/jutionck/golang-db-sinar-harapan-makmur-orm/usecase/brand_usecase.go:64.16,66.3 1 1
github.com/jutionck/golang-db-sinar-harapan-makmur-orm/usecase/brand_usecase.go:67.2,67.20 1 1
github.com/jutionck/golang-db-sinar-harapan-makmur-orm/usecase/brand_usecase.go:70.75,72.15 2 1
github.com/jutionck/golang-db-sinar-harapan-makmur-orm/usecase/brand_usecase.go:72.15,74.3 1 1
github.com/jutionck/golang-db-sinar-harapan-makmur-orm/usecase/brand_usecase.go:75.2,75.19 1 1
github.com/jutionck/golang-db-sinar-harapan-makmur-orm/usecase/brand_usecase.go:78.113,79.51 1 1
github.com/jutionck/golang-db-sinar-harapan-makmur-orm/usecase/brand_usecase.go:79.51,81.3 1 1
github.com/jutionck/golang-db-sinar-harapan-makmur-orm/usecase/brand_usecase.go:82.2,82.42 1 1
github.com/jutionck/golang-db-sinar-harapan-makmur-orm/usecase/brand_usecase.go:85.68,87.2 1 1
github.com/jutionck/golang-db-sinar-harapan-makmur-orm/usecase/customer_usecase.go:20.55,22.16 2 0
github.com/jutionck/golang-db-sinar-harapan-makmur-orm/usecase/customer_usecase.go:22.16,24.3 1 0
github.com/jutionck/golang-db-sinar-harapan-makmur-orm/usecase/customer_usecase.go:25.2,25.35 1 0
github.com/jutionck/golang-db-sinar-harapan-makmur-orm/usecase/customer_usecase.go:28.63,30.2 1 0
github.com/jutionck/golang-db-sinar-harapan-makmur-orm/usecase/customer_usecase.go:32.72,34.16 2 0
github.com/jutionck/golang-db-sinar-harapan-makmur-orm/usecase/customer_usecase.go:34.16,36.3 1 0
github.com/jutionck/golang-db-sinar-harapan-makmur-orm/usecase/customer_usecase.go:37.2,37.22 1 0
github.com/jutionck/golang-db-sinar-harapan-makmur-orm/usecase/customer_usecase.go:40.67,41.22 1 0
github.com/jutionck/golang-db-sinar-harapan-makmur-orm/usecase/customer_usecase.go:41.22,43.17 2 0
github.com/jutionck/golang-db-sinar-harapan-makmur-orm/usecase/customer_usecase.go:43.17,45.4 1 0
github.com/jutionck/golang-db-sinar-harapan-makmur-orm/usecase/customer_usecase.go:49.2,50.16 2 0
github.com/jutionck/golang-db-sinar-harapan-makmur-orm/usecase/customer_usecase.go:50.16,52.3 1 0
github.com/jutionck/golang-db-sinar-harapan-makmur-orm/usecase/customer_usecase.go:53.2,59.29 3 0
github.com/jutionck/golang-db-sinar-harapan-makmur-orm/usecase/customer_usecase.go:62.89,64.16 2 0
github.com/jutionck/golang-db-sinar-harapan-makmur-orm/usecase/customer_usecase.go:64.16,66.3 1 0
github.com/jutionck/golang-db-sinar-harapan-makmur-orm/usecase/customer_usecase.go:67.2,67.23 1 0
github.com/jutionck/golang-db-sinar-harapan-makmur-orm/usecase/customer_usecase.go:70.78,72.16 2 0
github.com/jutionck/golang-db-sinar-harapan-makmur-orm/usecase/customer_usecase.go:72.16,74.3 1 0
github.com/jutionck/golang-db-sinar-harapan-makmur-orm/usecase/customer_usecase.go:75.2,75.22 1 0
github.com/jutionck/golang-db-sinar-harapan-makmur-orm/usecase/customer_usecase.go:78.78,80.16 2 0
github.com/jutionck/golang-db-sinar-harapan-makmur-orm/usecase/customer_usecase.go:80.16,82.3 1 0
github.com/jutionck/golang-db-sinar-harapan-makmur-orm/usecase/customer_usecase.go:83.2,83.22 1 0
github.com/jutionck/golang-db-sinar-harapan-makmur-orm/usecase/customer_usecase.go:86.97,88.2 1 0
github.com/jutionck/golang-db-sinar-harapan-makmur-orm/usecase/customer_usecase.go:90.77,92.2 1 0
github.com/jutionck/golang-db-sinar-harapan-makmur-orm/usecase/employee_usecase.go:21.55,23.16 2 0
github.com/jutionck/golang-db-sinar-harapan-makmur-orm/usecase/employee_usecase.go:23.16,25.3 1 0
github.com/jutionck/golang-db-sinar-harapan-makmur-orm/usecase/employee_usecase.go:26.2,26.35 1 0
github.com/jutionck/golang-db-sinar-harapan-makmur-orm/usecase/employee_usecase.go:29.63,31.2 1 0
github.com/jutionck/golang-db-sinar-harapan-makmur-orm/usecase/employee_usecase.go:33.72,35.16 2 0
github.com/jutionck/golang-db-sinar-harapan-makmur-orm/usecase/employee_usecase.go:35.16,37.3 1 0
github.com/jutionck/golang-db-sinar-harapan-makmur-orm/usecase/employee_usecase.go:38.2,38.22 1 0
github.com/jutionck/golang-db-sinar-harapan-makmur-orm/usecase/employee_usecase.go:41.67,42.22 1 0
github.com/jutionck/golang-db-sinar-harapan-makmur-orm/usecase/employee_usecase.go:42.22,44.17 2 0
github.com/jutionck/golang-db-sinar-harapan-makmur-orm/usecase/employee_usecase.go:44.17,46.4 1 0
github.com/jutionck/golang-db-sinar-harapan-makmur-orm/usecase/employee_usecase.go:49.2,50.64 2 0
github.com/jutionck/golang-db-sinar-harapan-makmur-orm/usecase/employee_usecase.go:50.64,52.3 1 0
github.com/jutionck/golang-db-sinar-harapan-makmur-orm/usecase/employee_usecase.go:54.2,55.88 2 0
github.com/jutionck/golang-db-sinar-harapan-makmur-orm/usecase/employee_usecase.go:55.88,57.3 1 0
github.com/jutionck/golang-db-sinar-harapan-makmur-orm/usecase/employee_usecase.go:59.2,59.30 1 0
github.com/jutionck/golang-db-sinar-harapan-makmur-orm/usecase/employee_usecase.go:59.30,62.3 2 0
github.com/jutionck/golang-db-sinar-harapan-makmur-orm/usecase/employee_usecase.go:65.2,66.16 2 0
github.com/jutionck/golang-db-sinar-harapan-makmur-orm/usecase/employee_usecase.go:66.16,68.3 1 0
github.com/jutionck/golang-db-sinar-harapan-makmur-orm/usecase/employee_usecase.go:69.2,75.29 3 0
github.com/jutionck/golang-db-sinar-harapan-makmur-orm/usecase/employee_usecase.go:78.89,80.16 2 0
github.com/jutionck/golang-db-sinar-harapan-makmur-orm/usecase/employee_usecase.go:80.16,82.3 1 0
github.com/jutionck/golang-db-sinar-harapan-makmur-orm/usecase/employee_usecase.go:83.2,83.23 1 0
github.com/jutionck/golang-db-sinar-harapan-makmur-orm/usecase/employee_usecase.go:86.78,88.16 2 0
github.com/jutionck/golang-db-sinar-harapan-makmur-orm/usecase/employee_usecase.go:88.16,90.3 1 0
github.com/jutionck/golang-db-sinar-harapan-makmur-orm/usecase/employee_usecase.go:91.2,91.22 1 0
github.com/jutionck/golang-db-sinar-harapan-makmur-orm/usecase/employee_usecase.go:94.78,96.16 2 0
github.com/jutionck/golang-db-sinar-harapan-makmur-orm/usecase/employee_usecase.go:96.16,98.3 1 0
github.com/jutionck/golang-db-sinar-harapan-makmur-orm/usecase/employee_usecase.go:99.2,99.22 1 0
github.com/jutionck/golang-db-sinar-harapan-makmur-orm/usecase/employee_usecase.go:102.96,104.2 1 0
github.com/jutionck/golang-db-sinar-harapan-makmur-orm/usecase/employee_usecase.go:106.77,108.2 1 0
github.com/jutionck/golang-db-sinar-harapan-makmur-orm/usecase/file_usecase.go:17.82,19.2 1 0
github.com/jutionck/golang-db-sinar-harapan-makmur-orm/usecase/file_usecase.go:21.65,23.2 1 0
github.com/jutionck/golang-db-sinar-harapan-makmur-orm/usecase/transaction_usecase.go:24.87,28.16 2 0
github.com/jutionck/golang-db-sinar-harapan-makmur-orm/usecase/transaction_usecase.go:28.16,30.3 1 0
github.com/jutionck/golang-db-sinar-harapan-makmur-orm/usecase/transaction_usecase.go:33.2,34.16 2 0
github.com/jutionck/golang-db-sinar-harapan-makmur-orm/usecase/transaction_usecase.go:34.16,36.3 1 0
github.com/jutionck/golang-db-sinar-harapan-makmur-orm/usecase/transaction_usecase.go:39.2,40.16 2 0
github.com/jutionck/golang-db-sinar-harapan-makmur-orm/usecase/transaction_usecase.go:40.16,42.3 1 0
github.com/jutionck/golang-db-sinar-harapan-makmur-orm/usecase/transaction_usecase.go:45.2,46.16 2 0
github.com/jutionck/golang-db-sinar-harapan-makmur-orm/usecase/transaction_usecase.go:46.16,48.3 1 0
github.com/jutionck/golang-db-sinar-harapan-makmur-orm/usecase/transaction_usecase.go:51.2,51.33 1 0
github.com/jutionck/golang-db-sinar-harapan-makmur-orm/usecase/transaction_usecase.go:51.33,53.3 1 0
github.com/jutionck/golang-db-sinar-harapan-makmur-orm/usecase/transaction_usecase.go:56.2,57.16 2 0
github.com/jutionck/golang-db-sinar-harapan-makmur-orm/usecase/transaction_usecase.go:57.16,59.3 1 0
github.com/jutionck/golang-db-sinar-harapan-makmur-orm/usecase/transaction_usecase.go:61.2,68.16 7 0
github.com/jutionck/golang-db-sinar-harapan-makmur-orm/usecase/transaction_usecase.go:68.16,70.3 1 0
github.com/jutionck/golang-db-sinar-harapan-makmur-orm/usecase/transaction_usecase.go:72.2,72.12 1 0
github.com/jutionck/golang-db-sinar-harapan-makmur-orm/usecase/transaction_usecase.go:75.80,77.2 1 0
github.com/jutionck/golang-db-sinar-harapan-makmur-orm/usecase/transaction_usecase.go:79.86,81.2 1 0
github.com/jutionck/golang-db-sinar-harapan-makmur-orm/usecase/transaction_usecase.go:87.49,94.2 1 0
github.com/jutionck/golang-db-sinar-harapan-makmur-orm/usecase/user_usecase.go:22.51,24.16 2 0
github.com/jutionck/golang-db-sinar-harapan-makmur-orm/usecase/user_usecase.go:24.16,26.3 1 0
github.com/jutionck/golang-db-sinar-harapan-makmur-orm/usecase/user_usecase.go:27.2,27.31 1 0
github.com/jutionck/golang-db-sinar-harapan-makmur-orm/usecase/user_usecase.go:30.65,32.2 1 0
github.com/jutionck/golang-db-sinar-harapan-makmur-orm/usecase/user_usecase.go:34.74,36.16 2 0
github.com/jutionck/golang-db-sinar-harapan-makmur-orm/usecase/user_usecase.go:36.16,38.3 1 0
github.com/jutionck/golang-db-sinar-harapan-makmur-orm/usecase/user_usecase.go:39.2,39.18 1 0
github.com/jutionck/golang-db-sinar-harapan-makmur-orm/usecase/user_usecase.go:42.69,43.22 1 0
github.com/jutionck/golang-db-sinar-harapan-makmur-orm/usecase/user_usecase.go:43.22,45.17 2 0
github.com/jutionck/golang-db-sinar-harapan-makmur-orm/usecase/user_usecase.go:45.17,46.46 1 0
github.com/jutionck/golang-db-sinar-harapan-makmur-orm/usecase/user_usecase.go:46.46,48.5 1 0
github.com/jutionck/golang-db-sinar-harapan-makmur-orm/usecase/user_usecase.go:49.4,49.79 1 0
github.com/jutionck/golang-db-sinar-harapan-makmur-orm/usecase/user_usecase.go:53.2,53.28 1 0
github.com/jutionck/golang-db-sinar-harapan-makmur-orm/usecase/user_usecase.go:53.28,55.17 2 0
github.com/jutionck/golang-db-sinar-harapan-makmur-orm/usecase/user_usecase.go:55.17,57.4 1 0
github.com/jutionck/golang-db-sinar-harapan-makmur-orm/usecase/user_usecase.go:58.3,58.30 1 0
github.com/jutionck/golang-db-sinar-harapan-makmur-orm/usecase/user_usecase.go:61.2,61.29 1 0
github.com/jutionck/golang-db-sinar-harapan-makmur-orm/usecase/user_usecase.go:64.91,66.16 2 0
github.com/jutionck/golang-db-sinar-harapan-makmur-orm/usecase/user_usecase.go:66.16,68.3 1 0
github.com/jutionck/golang-db-sinar-harapan-makmur-orm/usecase/user_usecase.go:69.2,69.19 1 0
github.com/jutionck/golang-db-sinar-harapan-makmur-orm/usecase/user_usecase.go:72.90,74.16 2 0
github.com/jutionck/golang-db-sinar-harapan-makmur-orm/usecase/user_usecase.go:74.16,76.3 1 0
github.com/jutionck/golang-db-sinar-harapan-makmur-orm/usecase/user_usecase.go:77.2,77.18 1 0
github.com/jutionck/golang-db-sinar-harapan-makmur-orm/usecase/user_usecase.go:80.65,82.2 1 0
github.com/jutionck/golang-db-sinar-harapan-makmur-orm/usecase/vehicle_usecase.go:26.87,28.2 1 0
github.com/jutionck/golang-db-sinar-harapan-makmur-orm/usecase/vehicle_usecase.go:30.61,32.2 1 0
github.com/jutionck/golang-db-sinar-harapan-makmur-orm/usecase/vehicle_usecase.go:34.70,36.16 2 0
github.com/jutionck/golang-db-sinar-harapan-makmur-orm/usecase/vehicle_usecase.go:36.16,38.3 1 0
github.com/jutionck/golang-db-sinar-harapan-makmur-orm/usecase/vehicle_usecase.go:40.2,40.21 1 0
github.com/jutionck/golang-db-sinar-harapan-makmur-orm/usecase/vehicle_usecase.go:43.65,45.16 2 0
github.com/jutionck/golang-db-sinar-harapan-makmur-orm/usecase/vehicle_usecase.go:45.16,47.3 1 0
github.com/jutionck/golang-db-sinar-harapan-makmur-orm/usecase/vehicle_usecase.go:48.2,49.29 2 0
github.com/jutionck/golang-db-sinar-harapan-makmur-orm/usecase/vehicle_usecase.go:52.54,54.2 1 0
github.com/jutionck/golang-db-sinar-harapan-makmur-orm/usecase/vehicle_usecase.go:56.73,58.2 1 0
github.com/jutionck/golang-db-sinar-harapan-makmur-orm/usecase/vehicle_usecase.go:60.113,61.51 1 0
github.com/jutionck/golang-db-sinar-harapan-makmur-orm/usecase/vehicle_usecase.go:61.51,63.3 1 0
github.com/jutionck/golang-db-sinar-harapan-makmur-orm/usecase/vehicle_usecase.go:64.2,64.42 1 0
github.com/jutionck/golang-db-sinar-harapan-makmur-orm/usecase/vehicle_usecase.go:68.105,72.16 4 0
github.com/jutionck/golang-db-sinar-harapan-makmur-orm/usecase/vehicle_usecase.go:72.16,74.3 1 0
github.com/jutionck/golang-db-sinar-harapan-makmur-orm/usecase/vehicle_usecase.go:76.2,79.16 4 0
github.com/jutionck/golang-db-sinar-harapan-makmur-orm/usecase/vehicle_usecase.go:79.16,81.3 1 0
github.com/jutionck/golang-db-sinar-harapan-makmur-orm/usecase/vehicle_usecase.go:82.2,82.12 1 0
github.com/jutionck/golang-db-sinar-harapan-makmur-orm/usecase/vehicle_usecase.go:89.18,95.2 1 0
github.com/jutionck/golang-db-sinar-harapan-makmur-orm/repository/brand_repository.go:21.51,23.2 1 1
github.com/jutionck/golang-db-sinar-harapan-makmur-orm/repository/brand_repository.go:25.64,28.19 3 1
github.com/jutionck/golang-db-sinar-harapan-makmur-orm/repository/brand_repository.go:28.19,30.3 1 1
github.com/jutionck/golang-db-sinar-harapan-makmur-orm/repository/brand_repository.go:31.2,31.20 1 1
github.com/jutionck/golang-db-sinar-harapan-makmur-orm/repository/brand_repository.go:34.57,37.19 3 1
github.com/jutionck/golang-db-sinar-harapan-makmur-orm/repository/brand_repository.go:37.19,39.3 1 1
github.com/jutionck/golang-db-sinar-harapan-makmur-orm/repository/brand_repository.go:40.2,40.20 1 1
github.com/jutionck/golang-db-sinar-harapan-makmur-orm/repository/brand_repository.go:43.60,45.2 1 0
github.com/jutionck/golang-db-sinar-harapan-makmur-orm/repository/brand_repository.go:47.84,50.19 3 1
github.com/jutionck/golang-db-sinar-harapan-makmur-orm/repository/brand_repository.go:50.19,52.3 1 1
github.com/jutionck/golang-db-sinar-harapan-makmur-orm/repository/brand_repository.go:53.2,53.20 1 1
github.com/jutionck/golang-db-sinar-harapan-makmur-orm/repository/brand_repository.go:56.85,59.19 3 0
github.com/jutionck/golang-db-sinar-harapan-makmur-orm/repository/brand_repository.go:59.19,61.3 1 0
github.com/jutionck/golang-db-sinar-harapan-makmur-orm/repository/brand_repository.go:62.2,62.20 1 0
github.com/jutionck/golang-db-sinar-harapan-makmur-orm/repository/brand_repository.go:65.73,68.19 3 0
github.com/jutionck/golang-db-sinar-harapan-makmur-orm/repository/brand_repository.go:68.19,70.3 1 0
github.com/jutionck/golang-db-sinar-harapan-makmur-orm/repository/brand_repository.go:71.2,71.20 1 0
github.com/jutionck/golang-db-sinar-harapan-makmur-orm/repository/brand_repository.go:74.78,77.14 3 0
github.com/jutionck/golang-db-sinar-harapan-makmur-orm/repository/brand_repository.go:77.14,79.3 1 0
github.com/jutionck/golang-db-sinar-harapan-makmur-orm/repository/brand_repository.go:79.8,81.3 1 0
github.com/jutionck/golang-db-sinar-harapan-makmur-orm/repository/brand_repository.go:82.2,82.37 1 0
github.com/jutionck/golang-db-sinar-harapan-makmur-orm/repository/brand_repository.go:82.37,84.3 1 0
github.com/jutionck/golang-db-sinar-harapan-makmur-orm/repository/brand_repository.go:85.2,85.19 1 0
github.com/jutionck/golang-db-sinar-harapan-makmur-orm/repository/brand_repository.go:88.112,92.19 4 0
github.com/jutionck/golang-db-sinar-harapan-makmur-orm/repository/brand_repository.go:92.19,94.3 1 0
github.com/jutionck/golang-db-sinar-harapan-makmur-orm/repository/brand_repository.go:95.2,97.19 3 0
github.com/jutionck/golang-db-sinar-harapan-makmur-orm/repository/brand_repository.go:97.19,99.3 1 0
github.com/jutionck/golang-db-sinar-harapan-makmur-orm/repository/brand_repository.go:100.2,100.97 1 0
github.com/jutionck/golang-db-sinar-harapan-makmur-orm/repository/brand_repository.go:103.115,107.93 4 0
github.com/jutionck/golang-db-sinar-harapan-makmur-orm/repository/brand_repository.go:107.93,109.52 2 0
github.com/jutionck/golang-db-sinar-harapan-makmur-orm/repository/brand_repository.go:109.52,111.4 1 0
github.com/jutionck/golang-db-sinar-harapan-makmur-orm/repository/brand_repository.go:112.3,112.83 1 0
github.com/jutionck/golang-db-sinar-harapan-makmur-orm/repository/brand_repository.go:114.2,114.36 1 0
github.com/jutionck/golang-db-sinar-harapan-makmur-orm/repository/brand_repository.go:117.54,119.2 1 1
github.com/jutionck/golang-db-sinar-harapan-makmur-orm/repository/customer_repository.go:22.90,25.19 3 0
github.com/jutionck/golang-db-sinar-harapan-makmur-orm/repository/customer_repository.go:25.19,27.3 1 0
github.com/jutionck/golang-db-sinar-harapan-makmur-orm/repository/customer_repository.go:28.2,28.23 1 0
github.com/jutionck/golang-db-sinar-harapan-makmur-orm/repository/customer_repository.go:31.63,34.19 3 0
github.com/jutionck/golang-db-sinar-harapan-makmur-orm/repository/customer_repository.go:34.19,36.3 1 0
github.com/jutionck/golang-db-sinar-harapan-makmur-orm/repository/customer_repository.go:37.2,37.23 1 0
github.com/jutionck/golang-db-sinar-harapan-makmur-orm/repository/customer_repository.go:40.70,43.19 3 0
github.com/jutionck/golang-db-sinar-harapan-makmur-orm/repository/customer_repository.go:43.19,45.3 1 0
github.com/jutionck/golang-db-sinar-harapan-makmur-orm/repository/customer_repository.go:46.2,46.23 1 0
github.com/jutionck/golang-db-sinar-harapan-makmur-orm/repository/customer_repository.go:49.75,52.19 3 0
github.com/jutionck/golang-db-sinar-harapan-makmur-orm/repository/customer_repository.go:52.19,54.3 1 0
github.com/jutionck/golang-db-sinar-harapan-makmur-orm/repository/customer_repository.go:56.2,56.23 1 0
github.com/jutionck/golang-db-sinar-harapan-makmur-orm/repository/customer_repository.go:59.80,62.19 3 0
github.com/jutionck/golang-db-sinar-harapan-makmur-orm/repository/customer_repository.go:62.19,64.3 1 0
github.com/jutionck/golang-db-sinar-harapan-makmur-orm/repository/customer_repository.go:66.2,66.23 1 0
github.com/jutionck/golang-db-sinar-harapan-makmur-orm/repository/customer_repository.go:69.66,71.2 1 0
github.com/jutionck/golang-db-sinar-harapan-makmur-orm/repository/customer_repository.go:73.54,75.2 1 0
github.com/jutionck/golang-db-sinar-harapan-makmur-orm/repository/customer_repository.go:77.80,80.19 3 0
github.com/jutionck/golang-db-sinar-harapan-makmur-orm/repository/customer_repository.go:80.19,82.3 1 0
github.com/jutionck/golang-db-sinar-harapan-makmur-orm/repository/customer_repository.go:83.2,83.23 1 0
github.com/jutionck/golang-db-sinar-harapan-makmur-orm/repository/customer_repository.go:86.80,89.19 3 0
github.com/jutionck/golang-db-sinar-harapan-makmur-orm/repository/customer_repository.go:89.19,91.3 1 0
github.com/jutionck/golang-db-sinar-harapan-makmur-orm/repository/customer_repository.go:92.2,92.23 1 0
github.com/jutionck/golang-db-sinar-harapan-makmur-orm/repository/customer_repository.go:95.108,97.9 2 0
github.com/jutionck/golang-db-sinar-harapan-makmur-orm/repository/customer_repository.go:97.9,99.3 1 0
github.com/jutionck/golang-db-sinar-harapan-makmur-orm/repository/customer_repository.go:101.2,101.85 1 0
github.com/jutionck/golang-db-sinar-harapan-makmur-orm/repository/customer_repository.go:101.85,103.3 1 0
github.com/jutionck/golang-db-sinar-harapan-makmur-orm/repository/customer_repository.go:105.2,105.12 1 0
github.com/jutionck/golang-db-sinar-harapan-makmur-orm/repository/customer_repository.go:108.60,110.2 1 0
github.com/jutionck/golang-db-sinar-harapan-makmur-orm/repository/employee_repository.go:22.90,25.19 3 0
github.com/jutionck/golang-db-sinar-harapan-makmur-orm/repository/employee_repository.go:25.19,27.3 1 0
github.com/jutionck/golang-db-sinar-harapan-makmur-orm/repository/employee_repository.go:28.2,28.23 1 0
github.com/jutionck/golang-db-sinar-harapan-makmur-orm/repository/employee_repository.go:31.63,34.19 3 0
github.com/jutionck/golang-db-sinar-harapan-makmur-orm/repository/employee_repository.go:34.19,36.3 1 0
github.com/jutionck/golang-db-sinar-harapan-makmur-orm/repository/employee_repository.go:37.2,37.23 1 0
github.com/jutionck/golang-db-sinar-harapan-makmur-orm/repository/employee_repository.go:40.70,43.19 3 0
github.com/jutionck/golang-db-sinar-harapan-makmur-orm/repository/employee_repository.go:43.19,45.3 1 0
github.com/jutionck/golang-db-sinar-harapan-makmur-orm/repository/employee_repository.go:46.2,46.23 1 0
github.com/jutionck/golang-db-sinar-harapan-makmur-orm/repository/employee_repository.go:49.75,52.19 3 0
github.com/jutionck/golang-db-sinar-harapan-makmur-orm/repository/employee_repository.go:52.19,54.3 1 0
github.com/jutionck/golang-db-sinar-harapan-makmur-orm/repository/employee_repository.go:56.2,56.23 1 0
github.com/jutionck/golang-db-sinar-harapan-makmur-orm/repository/employee_repository.go:59.80,62.19 3 0
github.com/jutionck/golang-db-sinar-harapan-makmur-orm/repository/employee_repository.go:62.19,64.3 1 0
github.com/jutionck/golang-db-sinar-harapan-makmur-orm/repository/employee_repository.go:66.2,66.23 1 0
github.com/jutionck/golang-db-sinar-harapan-makmur-orm/repository/employee_repository.go:69.66,71.2 1 0
github.com/jutionck/golang-db-sinar-harapan-makmur-orm/repository/employee_repository.go:73.54,75.2 1 0
github.com/jutionck/golang-db-sinar-harapan-makmur-orm/repository/employee_repository.go:77.80,80.16 3 0
github.com/jutionck/golang-db-sinar-harapan-makmur-orm/repository/employee_repository.go:80.16,81.45 1 0
github.com/jutionck/golang-db-sinar-harapan-makmur-orm/repository/employee_repository.go:81.45,83.4 1 0
github.com/jutionck/golang-db-sinar-harapan-makmur-orm/repository/employee_repository.go:84.3,84.18 1 0
github.com/jutionck/golang-db-sinar-harapan-makmur-orm/repository/employee_repository.go:86.2,86.23 1 0
github.com/jutionck/golang-db-sinar-harapan-makmur-orm/repository/employee_repository.go:89.80,92.16 3 0
github.com/jutionck/golang-db-sinar-harapan-makmur-orm/repository/employee_repository.go:92.16,93.45 1 0
github.com/jutionck/golang-db-sinar-harapan-makmur-orm/repository/employee_repository.go:93.45,95.4 1 0
github.com/jutionck/golang-db-sinar-harapan-makmur-orm/repository/employee_repository.go:96.3,96.18 1 0
github.com/jutionck/golang-db-sinar-harapan-makmur-orm/repository/employee_repository.go:98.2,98.23 1 0
github.com/jutionck/golang-db-sinar-harapan-makmur-orm/repository/employee_repository.go:101.96,104.19 3 0
github.com/jutionck/golang-db-sinar-harapan-makmur-orm/repository/employee_repository.go:104.19,106.3 1 0
github.com/jutionck/golang-db-sinar-harapan-makmur-orm/repository/employee_repository.go:107.2,107.23 1 0
github.com/jutionck/golang-db-sinar-harapan-makmur-orm/repository/employee_repository.go:110.60,112.2 1 0
github.com/jutionck/golang-db-sinar-harapan-makmur-orm/repository/file_repository.go:18.85,21.16 3 0
github.com/jutionck/golang-db-sinar-harapan-makmur-orm/repository/file_repository.go:21.16,23.3 1 0
github.com/jutionck/golang-db-sinar-harapan-makmur-orm/repository/file_repository.go:24.2,27.16 3 0
github.com/jutionck/golang-db-sinar-harapan-makmur-orm/repository/file_repository.go:27.16,29.3 1 0
github.com/jutionck/golang-db-sinar-harapan-makmur-orm/repository/file_repository.go:30.2,30.26 1 0
github.com/jutionck/golang-db-sinar-harapan-makmur-orm/repository/file_repository.go:33.52,35.2 1 0
github.com/jutionck/golang-db-sinar-harapan-makmur-orm/repository/transaction_repository.go:19.74,20.77 1 0
github.com/jutionck/golang-db-sinar-harapan-makmur-orm/repository/transaction_repository.go:20.77,22.3 1 0
github.com/jutionck/golang-db-sinar-harapan-makmur-orm/repository/transaction_repository.go:23.2,23.12 1 0
github.com/jutionck/golang-db-sinar-harapan-makmur-orm/repository/transaction_repository.go:26.69,32.41 2 0
github.com/jutionck/golang-db-sinar-harapan-makmur-orm/repository/transaction_repository.go:32.41,34.3 1 0
github.com/jutionck/golang-db-sinar-harapan-makmur-orm/repository/transaction_repository.go:36.2,36.26 1 0
github.com/jutionck/golang-db-sinar-harapan-makmur-orm/repository/transaction_repository.go:39.75,41.114 2 0
github.com/jutionck/golang-db-sinar-harapan-makmur-orm/repository/transaction_repository.go:41.114,43.3 1 0
github.com/jutionck/golang-db-sinar-harapan-makmur-orm/repository/transaction_repository.go:45.2,45.25 1 0
github.com/jutionck/golang-db-sinar-harapan-makmur-orm/repository/transaction_repository.go:48.66,50.2 1 0
github.com/jutionck/golang-db-sinar-harapan-makmur-orm/repository/user_repository.go:22.92,25.19 3 0
github.com/jutionck/golang-db-sinar-harapan-makmur-orm/repository/user_repository.go:25.19,27.3 1 0
github.com/jutionck/golang-db-sinar-harapan-makmur-orm/repository/user_repository.go:28.2,28.19 1 0
github.com/jutionck/golang-db-sinar-harapan-makmur-orm/repository/user_repository.go:31.65,34.19 3 0
github.com/jutionck/golang-db-sinar-harapan-makmur-orm/repository/user_repository.go:34.19,36.3 1 0
github.com/jutionck/golang-db-sinar-harapan-makmur-orm/repository/user_repository.go:37.2,37.19 1 0
github.com/jutionck/golang-db-sinar-harapan-makmur-orm/repository/user_repository.go:40.72,43.19 3 0
github.com/jutionck/golang-db-sinar-harapan-makmur-orm/repository/user_repository.go:43.19,45.3 1 0
github.com/jutionck/golang-db-sinar-harapan-makmur-orm/repository/user_repository.go:46.2,46.19 1 0
github.com/jutionck/golang-db-sinar-harapan-makmur-orm/repository/user_repository.go:49.68,51.2 1 0
github.com/jutionck/golang-db-sinar-harapan-makmur-orm/repository/user_repository.go:53.50,55.2 1 0
github.com/jutionck/golang-db-sinar-harapan-makmur-orm/repository/user_repository.go:57.88,60.37 3 0
github.com/jutionck/golang-db-sinar-harapan-makmur-orm/repository/user_repository.go:60.37,61.45 1 0
github.com/jutionck/golang-db-sinar-harapan-makmur-orm/repository/user_repository.go:61.45,63.4 1 0
github.com/jutionck/golang-db-sinar-harapan-makmur-orm/repository/user_repository.go:64.3,64.85 1 0
github.com/jutionck/golang-db-sinar-harapan-makmur-orm/repository/user_repository.go:66.2,66.29 1 0
github.com/jutionck/golang-db-sinar-harapan-makmur-orm/repository/user_repository.go:69.113,71.16 2 0
github.com/jutionck/golang-db-sinar-harapan-makmur-orm/repository/user_repository.go:71.16,73.3 1 0
github.com/jutionck/golang-db-sinar-harapan-makmur-orm/repository/user_repository.go:75.2,76.15 2 0
github.com/jutionck/golang-db-sinar-harapan-makmur-orm/repository/user_repository.go:76.15,78.3 1 0
github.com/jutionck/golang-db-sinar-harapan-makmur-orm/repository/user_repository.go:79.2,79.18 1 0
github.com/jutionck/golang-db-sinar-harapan-makmur-orm/repository/user_repository.go:82.52,84.2 1 0
github.com/jutionck/golang-db-sinar-harapan-makmur-orm/repository/vehicle_repository.go:24.88,27.37 3 0
github.com/jutionck/golang-db-sinar-harapan-makmur-orm/repository/vehicle_repository.go:27.37,29.3 1 0
github.com/jutionck/golang-db-sinar-harapan-makmur-orm/repository/vehicle_repository.go:30.2,30.22 1 0
github.com/jutionck/golang-db-sinar-harapan-makmur-orm/repository/vehicle_repository.go:33.61,36.37 3 0
github.com/jutionck/golang-db-sinar-harapan-makmur-orm/repository/vehicle_repository.go:36.37,38.3 1 0
github.com/jutionck/golang-db-sinar-harapan-makmur-orm/repository/vehicle_repository.go:39.2,39.22 1 0
github.com/jutionck/golang-db-sinar-harapan-makmur-orm/repository/vehicle_repository.go:42.68,45.37 3 0
github.com/jutionck/golang-db-sinar-harapan-makmur-orm/repository/vehicle_repository.go:45.37,47.3 1 0
github.com/jutionck/golang-db-sinar-harapan-makmur-orm/repository/vehicle_repository.go:48.2,48.22 1 0
github.com/jutionck/golang-db-sinar-harapan-makmur-orm/repository/vehicle_repository.go:51.64,53.37 2 0
github.com/jutionck/golang-db-sinar-harapan-makmur-orm/repository/vehicle_repository.go:53.37,55.3 1 0
github.com/jutionck/golang-db-sinar-harapan-makmur-orm/repository/vehicle_repository.go:56.2,56.12 1 0
github.com/jutionck/golang-db-sinar-harapan-makmur-orm/repository/vehicle_repository.go:59.53,61.2 1 0
github.com/jutionck/golang-db-sinar-harapan-makmur-orm/repository/vehicle_repository.go:63.69,65.37 2 0
github.com/jutionck/golang-db-sinar-harapan-makmur-orm/repository/vehicle_repository.go:65.37,67.3 1 0
github.com/jutionck/golang-db-sinar-harapan-makmur-orm/repository/vehicle_repository.go:68.2,68.12 1 0
github.com/jutionck/golang-db-sinar-harapan-makmur-orm/repository/vehicle_repository.go:71.116,76.93 5 0
github.com/jutionck/golang-db-sinar-harapan-makmur-orm/repository/vehicle_repository.go:76.93,78.52 2 0
github.com/jutionck/golang-db-sinar-harapan-makmur-orm/repository/vehicle_repository.go:78.52,80.4 1 0
github.com/jutionck/golang-db-sinar-harapan-makmur-orm/repository/vehicle_repository.go:81.3,81.83 1 0
github.com/jutionck/golang-db-sinar-harapan-makmur-orm/repository/vehicle_repository.go:84.2,85.34 2 0
github.com/jutionck/golang-db-sinar-harapan-makmur-orm/repository/vehicle_repository.go:85.34,86.45 1 0
github.com/jutionck/golang-db-sinar-harapan-makmur-orm/repository/vehicle_repository.go:86.45,88.4 1 0
github.com/jutionck/golang-db-sinar-harapan-makmur-orm/repository/vehicle_repository.go:88.9,90.4 1 0
github.com/jutionck/golang-db-sinar-harapan-makmur-orm/repository/vehicle_repository.go:93.2,95.16 3 0
github.com/jutionck/golang-db-sinar-harapan-makmur-orm/repository/vehicle_repository.go:95.16,97.3 1 0
github.com/jutionck/golang-db-sinar-harapan-makmur-orm/repository/vehicle_repository.go:98.2,98.99 1 0
github.com/jutionck/golang-db-sinar-harapan-makmur-orm/repository/vehicle_repository.go:101.58,103.2 1 0
