mode: set
github.com/jutionck/golang-db-sinar-harapan-makmur-orm/usecase/auth_usecase.go:19.89,22.16 3 0
github.com/jutionck/golang-db-sinar-harapan-makmur-orm/usecase/auth_usecase.go:22.16,24.3 1 0
github.com/jutionck/golang-db-sinar-harapan-makmur-orm/usecase/auth_usecase.go:25.2,25.17 1 0
github.com/jutionck/golang-db-sinar-harapan-makmur-orm/usecase/auth_usecase.go:25.17,28.17 3 0
github.com/jutionck/golang-db-sinar-harapan-makmur-orm/usecase/auth_usecase.go:28.17,30.4 1 0
github.com/jutionck/golang-db-sinar-harapan-makmur-orm/usecase/auth_usecase.go:32.2,32.19 1 0
github.com/jutionck/golang-db-sinar-harapan-makmur-orm/usecase/auth_usecase.go:35.120,37.2 1 0
github.com/jutionck/golang-db-sinar-harapan-makmur-orm/usecase/brand_usecase.go:21.52,23.16 2 1
github.com/jutionck/golang-db-sinar-harapan-makmur-orm/usecase/brand_usecase.go:23.16,25.3 1 1
github.com/jutionck/golang-db-sinar-harapan-makmur-orm/usecase/brand_usecase.go:26.2,26.32 1 1
github.com/jutionck/golang-db-sinar-harapan-makmur-orm/usecase/brand_usecase.go:29.57,31.2 1 1
github.com/jutionck/golang-db-sinar-harapan-makmur-orm/usecase/brand_usecase.go:33.66,35.16 2 1
github.com/jutionck/golang-db-sinar-harapan-makmur-orm/usecase/brand_usecase.go:35.16,37.3 1 1
github.com/jutionck/golang-db-sinar-harapan-makmur-orm/usecase/brand_usecase.go:38.2,38.19 1 1
github.com/jutionck/golang-db-sinar-harapan-makmur-orm/usecase/brand_usecase.go:41.61,43.16 2 1
github.com/jutionck/golang-db-sinar-harapan-makmur-orm/usecase/brand_usecase.go:43.16,45.3 1 0
github.com/jutionck/golang-db-sinar-harapan-makmur-orm/usecase/brand_usecase.go:47.2,48.16 2 1
github.com/jutionck/golang-db-sinar-harapan-makmur-orm/usecase/brand_usecase.go:48.16,50.3 1 1
github.com/jutionck/golang-db-sinar-harapan-makmur-orm/usecase/brand_usecase.go:52.2,52.22 1 1
github.com/jutionck/golang-db-sinar-harapan-makmur-orm/usecase/brand_usecase.go:52.22,54.17 2 1
github.com/jutionck/golang-db-sinar-harapan-makmur-orm/usecase/brand_usecase.go:54.17,56.4 1 0
github.com/jutionck/golang-db-sinar-harapan-makmur-orm/usecase/brand_usecase.go:58.2,58.29 1 1
github.com/jutionck/golang-db-sinar-harapan-makmur-orm/usecase/brand_usecase.go:61.83,63.16 2 1
github.com/jutionck/golang-db-sinar-harapan-makmur-orm/usecase/brand_usecase.go:63.16,65.3 1 1
github.com/jutionck/golang-db-sinar-harapan-makmur-orm/usecase/brand_usecase.go:66.2,66.20 1 1
github.com/jutionck/golang-db-sinar-harapan-makmur-orm/usecase/brand_usecase.go:69.73,71.2 1 1
github.com/jutionck/golang-db-sinar-harapan-makmur-orm/usecase/brand_usecase.go:73.85,75.16 2 1
github.com/jutionck/golang-db-sinar-harapan-makmur-orm/usecase/brand_usecase.go:75.16,77.3 1 1
github.com/jutionck/golang-db-sinar-harapan-makmur-orm/usecase/brand_usecase.go:78.2,78.45 1 1
github.com/jutionck/golang-db-sinar-harapan-makmur-orm/usecase/brand_usecase.go:81.75,83.15 2 1
github.com/jutionck/golang-db-sinar-harapan-makmur-orm/usecase/brand_usecase.go:83.15,85.3 1 1
github.com/jutionck/golang-db-sinar-harapan-makmur-orm/usecase/brand_usecase.go:86.2,86.19 1 1
github.com/jutionck/golang-db-sinar-harapan-makmur-orm/usecase/brand_usecase.go:89.68,91.2 1 1
github.com/jutionck/golang-db-sinar-harapan-makmur-orm/usecase/customer_usecase.go:20.55,22.16 2 0
github.com/jutionck/golang-db-sinar-harapan-makmur-orm/usecase/customer_usecase.go:22.16,24.3 1 0
github.com/jutionck/golang-db-sinar-harapan-makmur-orm/usecase/customer_usecase.go:25.2,25.35 1 0
github.com/jutionck/golang-db-sinar-harapan-makmur-orm/usecase/customer_usecase.go:28.63,30.2 1 0
github.com/jutionck/golang-db-sinar-harapan-makmur-orm/usecase/customer_usecase.go:32.72,34.16 2 0
github.com/jutionck/golang-db-sinar-harapan-makmur-orm/usecase/customer_usecase.go:34.16,36.3 1 0
github.com/jutionck/golang-db-sinar-harapan-makmur-orm/usecase/customer_usecase.go:37.2,37.22 1 0
github.com/jutionck/golang-db-sinar-harapan-makmur-orm/usecase/customer_usecase.go:40.67,41.22 1 0
github.com/jutionck/golang-db-sinar-harapan-makmur-orm/usecase/customer_usecase.go:41.22,43.17 2 0
github.com/jutionck/golang-db-sinar-harapan-makmur-orm/usecase/customer_usecase.go:43.17,45.4 1 0
github.com/jutionck/golang-db-sinar-harapan-makmur-orm/usecase/customer_usecase.go:49.2,50.16 2 0
github.com/jutionck/golang-db-sinar-harapan-makmur-orm/usecase/customer_usecase.go:50.16,52.3 1 0
github.com/jutionck/golang-db-sinar-harapan-makmur-orm/usecase/customer_usecase.go:53.2,59.29 3 0
github.com/jutionck/golang-db-sinar-harapan-makmur-orm/usecase/customer_usecase.go:62.89,64.16 2 0
github.com/jutionck/golang-db-sinar-harapan-makmur-orm/usecase/customer_usecase.go:64.16,66.3 1 0
github.com/jutionck/golang-db-sinar-harapan-makmur-orm/usecase/customer_usecase.go:67.2,67.23 1 0
github.com/jutionck/golang-db-sinar-harapan-makmur-orm/usecase/customer_usecase.go:70.78,72.16 2 0
github.com/jutionck/golang-db-sinar-harapan-makmur-orm/usecase/customer_usecase.go:72.16,74.3 1 0
github.com/jutionck/golang-db-sinar-harapan-makmur-orm/usecase/customer_usecase.go:75.2,75.22 1 0
github.com/jutionck/golang-db-sinar-harapan-makmur-orm/usecase/customer_usecase.go:78.78,80.16 2 0
github.com/jutionck/golang-db-sinar-harapan-makmur-orm/usecase/customer_usecase.go:80.16,82.3 1 0
github.com/jutionck/golang-db-sinar-harapan-makmur-orm/usecase/customer_usecase.go:83.2,83.22 1 0
github.com/jutionck/golang-db-sinar-harapan-makmur-orm/usecase/customer_usecase.go:86.97,88.2 1 0
github.com/jutionck/golang-db-sinar-harapan-makmur-orm/usecase/customer_usecase.go:90.77,92.2 1 0
github.com/jutionck/golang-db-sinar-harapan-makmur-orm/usecase/employee_usecase.go:21.55,23.16 2 0
github.com/jutionck/golang-db-sinar-harapan-makmur-orm/usecase/employee_usecase.go:23.16,25.3 1 0
github.com/jutionck/golang-db-sinar-harapan-makmur-orm/usecase/employee_usecase.go:26.2,26.35 1 0
github.com/jutionck/golang-db-sinar-harapan-makmur-orm/usecase/employee_usecase.go:29.63,31.2 1 0
github.com/jutionck/golang-db-sinar-harapan-makmur-orm/usecase/employee_usecase.go:33.72,35.16 2 0
github.com/jutionck/golang-db-sinar-harapan-makmur-orm/usecase/employee_usecase.go:35.16,37.3 1 0
github.com/jutionck/golang-db-sinar-harapan-makmur-orm/usecase/employee_usecase.go:38.2,38.22 1 0
github.com/jutionck/golang-db-sinar-harapan-makmur-orm/usecase/employee_usecase.go:41.67,42.22 1 0
github.com/jutionck/golang-db-sinar-harapan-makmur-orm/usecase/employee_usecase.go:42.22,44.17 2 0
github.com/jutionck/golang-db-sinar-harapan-makmur-orm/usecase/employee_usecase.go:44.17,46.4 1 0
github.com/jutionck/golang-db-sinar-harapan-makmur-orm/usecase/employee_usecase.go:49.2,50.64 2 0
github.com/jutionck/golang-db-sinar-harapan-makmur-orm/usecase/employee_usecase.go:50.64,52.3 1 0
github.com/jutionck/golang-db-sinar-harapan-makmur-orm/usecase/employee_usecase.go:54.2,55.88 2 0
github.com/jutionck/golang-db-sinar-harapan-makmur-orm/usecase/employee_usecase.go:55.88,57.3 1 0
github.com/jutionck/golang-db-sinar-harapan-makmur-orm/usecase/employee_usecase.go:59.2,59.30 1 0
github.com/jutionck/golang-db-sinar-harapan-makmur-orm/usecase/employee_usecase.go:59.30,62.3 2 0
github.com/jutionck/golang-db-sinar-harapan-makmur-orm/usecase/employee_usecase.go:65.2,66.16 2 0
github.com/jutionck/golang-db-sinar-harapan-makmur-orm/usecase/employee_usecase.go:66.16,68.3 1 0
github.com/jutionck/golang-db-sinar-harapan-makmur-orm/usecase/employee_usecase.go:69.2,75.29 3 0
github.com/jutionck/golang-db-sinar-harapan-makmur-orm/usecase/employee_usecase.go:78.89,80.16 2 0
github.com/jutionck/golang-db-sinar-harapan-makmur-orm/usecase/employee_usecase.go:80.16,82.3 1 0
github.com/jutionck/golang-db-sinar-harapan-makmur-orm/usecase/employee_usecase.go:83.2,83.23 1 0
github.com/jutionck/golang-db-sinar-harapan-makmur-orm/usecase/employee_usecase.go:86.78,88.16 2 0
github.com/jutionck/golang-db-sinar-harapan-makmur-orm/usecase/employee_usecase.go:88.16,90.3 1 0
github.com/jutionck/golang-db-sinar-harapan-makmur-orm/usecase/employee_usecase.go:91.2,91.22 1 0
github.com/jutionck/golang-db-sinar-harapan-makmur-orm/usecase/employee_usecase.go:94.78,96.16 2 0
github.com/jutionck/golang-db-sinar-harapan-makmur-orm/usecase/employee_usecase.go:96.16,98.3 1 0
github.com/jutionck/golang-db-sinar-harapan-makmur-orm/usecase/employee_usecase.go:99.2,99.22 1 0
github.com/jutionck/golang-db-sinar-harapan-makmur-orm/usecase/employee_usecase.go:102.96,104.2 1 0
github.com/jutionck/golang-db-sinar-harapan-makmur-orm/usecase/employee_usecase.go:106.77,108.2 1 0
github.com/jutionck/golang-db-sinar-harapan-makmur-orm/usecase/file_usecase.go:17.82,19.2 1 0
github.com/jutionck/golang-db-sinar-harapan-makmur-orm/usecase/file_usecase.go:21.65,23.2 1 0
github.com/jutionck/golang-db-sinar-harapan-makmur-orm/usecase/transaction_usecase.go:24.87,28.16 2 0
github.com/jutionck/golang-db-sinar-harapan-makmur-orm/usecase/transaction_usecase.go:28.16,30.3 1 0
github.com/jutionck/golang-db-sinar-harapan-makmur-orm/usecase/transaction_usecase.go:33.2,34.16 2 0
github.com/jutionck/golang-db-sinar-harapan-makmur-orm/usecase/transaction_usecase.go:34.16,36.3 1 0
github.com/jutionck/golang-db-sinar-harapan-makmur-orm/usecase/transaction_usecase.go:39.2,40.16 2 0
github.com/jutionck/golang-db-sinar-harapan-makmur-orm/usecase/transaction_usecase.go:40.16,42.3 1 0
github.com/jutionck/golang-db-sinar-harapan-makmur-orm/usecase/transaction_usecase.go:45.2,46.16 2 0
github.com/jutionck/golang-db-sinar-harapan-makmur-orm/usecase/transaction_usecase.go:46.16,48.3 1 0
github.com/jutionck/golang-db-sinar-harapan-makmur-orm/usecase/transaction_usecase.go:51.2,51.33 1 0
github.com/jutionck/golang-db-sinar-harapan-makmur-orm/usecase/transaction_usecase.go:51.33,53.3 1 0
github.com/jutionck/golang-db-sinar-harapan-makmur-orm/usecase/transaction_usecase.go:56.2,57.16 2 0
github.com/jutionck/golang-db-sinar-harapan-makmur-orm/usecase/transaction_usecase.go:57.16,59.3 1 0
github.com/jutionck/golang-db-sinar-harapan-makmur-orm/usecase/transaction_usecase.go:61.2,68.16 7 0
github.com/jutionck/golang-db-sinar-harapan-makmur-orm/usecase/transaction_usecase.go:68.16,70.3 1 0
github.com/jutionck/golang-db-sinar-harapan-makmur-orm/usecase/transaction_usecase.go:72.2,72.12 1 0
github.com/jutionck/golang-db-sinar-harapan-makmur-orm/usecase/transaction_usecase.go:75.80,77.2 1 0
github.com/jutionck/golang-db-sinar-harapan-makmur-orm/usecase/transaction_usecase.go:79.86,81.2 1 0
github.com/jutionck/golang-db-sinar-harapan-makmur-orm/usecase/transaction_usecase.go:87.49,94.2 1 0
github.com/jutionck/golang-db-sinar-harapan-makmur-orm/usecase/user_usecase.go:22.51,24.16 2 0
github.com/jutionck/golang-db-sinar-harapan-makmur-orm/usecase/user_usecase.go:24.16,26.3 1 0
github.com/jutionck/golang-db-sinar-harapan-makmur-orm/usecase/user_usecase.go:27.2,27.31 1 0
github.com/jutionck/golang-db-sinar-harapan-makmur-orm/usecase/user_usecase.go:30.65,32.2 1 0
github.com/jutionck/golang-db-sinar-harapan-makmur-orm/usecase/user_usecase.go:34.74,36.16 2 0
github.com/jutionck/golang-db-sinar-harapan-makmur-orm/usecase/user_usecase.go:36.16,38.3 1 0
github.com/jutionck/golang-db-sinar-harapan-makmur-orm/usecase/user_usecase.go:39.2,39.18 1 0
github.com/jutionck/golang-db-sinar-harapan-makmur-orm/usecase/user_usecase.go:42.69,43.22 1 0
github.com/jutionck/golang-db-sinar-harapan-makmur-orm/usecase/user_usecase.go:43.22,45.17 2 0
github.com/jutionck/golang-db-sinar-harapan-makmur-orm/usecase/user_usecase.go:45.17,46.46 1 0
github.com/jutionck/golang-db-sinar-harapan-makmur-orm/usecase/user_usecase.go:46.46,48.5 1 0
github.com/jutionck/golang-db-sinar-harapan-makmur-orm/usecase/user_usecase.go:49.4,49.79 1 0
github.com/jutionck/golang-db-sinar-harapan-makmur-orm/usecase/user_usecase.go:53.2,53.28 1 0
github.com/jutionck/golang-db-sinar-harapan-makmur-orm/usecase/user_usecase.go:53.28,55.17 2 0
github.com/jutionck/golang-db-sinar-harapan-makmur-orm/usecase/user_usecase.go:55.17,57.4 1 0
github.com/jutionck/golang-db-sinar-harapan-makmur-orm/usecase/user_usecase.go:58.3,58.30 1 0
github.com/jutionck/golang-db-sinar-harapan-makmur-orm/usecase/user_usecase.go:61.2,61.29 1 0
github.com/jutionck/golang-db-sinar-harapan-makmur-orm/usecase/user_usecase.go:64.91,66.16 2 0
github.com/jutionck/golang-db-sinar-harapan-makmur-orm/usecase/user_usecase.go:66.16,68.3 1 0
github.com/jutionck/golang-db-sinar-harapan-makmur-orm/usecase/user_usecase.go:69.2,69.19 1 0
github.com/jutionck/golang-db-sinar-harapan-makmur-orm/usecase/user_usecase.go:72.90,74.16 2 0
github.com/jutionck/golang-db-sinar-harapan-makmur-orm/usecase/user_usecase.go:74.16,76.3 1 0
github.com/jutionck/golang-db-sinar-harapan-makmur-orm/usecase/user_usecase.go:77.2,77.18 1 0
github.com/jutionck/golang-db-sinar-harapan-makmur-orm/usecase/user_usecase.go:80.65,82.2 1 0
github.com/jutionck/golang-db-sinar-harapan-makmur-orm/usecase/vehicle_usecase.go:26.87,28.2 1 0
github.com/jutionck/golang-db-sinar-harapan-makmur-orm/usecase/vehicle_usecase.go:30.61,32.2 1 0
github.com/jutionck/golang-db-sinar-harapan-makmur-orm/usecase/vehicle_usecase.go:34.70,36.16 2 0
github.com/jutionck/golang-db-sinar-harapan-makmur-orm/usecase/vehicle_usecase.go:36.16,38.3 1 0
github.com/jutionck/golang-db-sinar-harapan-makmur-orm/usecase/vehicle_usecase.go:40.2,40.21 1 0
github.com/jutionck/golang-db-sinar-harapan-makmur-orm/usecase/vehicle_usecase.go:43.65,45.16 2 0
github.com/jutionck/golang-db-sinar-harapan-makmur-orm/usecase/vehicle_usecase.go:45.16,47.3 1 0
github.com/jutionck/golang-db-sinar-harapan-makmur-orm/usecase/vehicle_usecase.go:48.2,49.29 2 0
github.com/jutionck/golang-db-sinar-harapan-makmur-orm/usecase/vehicle_usecase.go:52.54,54.2 1 0
github.com/jutionck/golang-db-sinar-harapan-makmur-orm/usecase/vehicle_usecase.go:56.73,58.2 1 0
github.com/jutionck/golang-db-sinar-harapan-makmur-orm/usecase/vehicle_usecase.go:60.113,61.51 1 0
github.com/jutionck/golang-db-sinar-harapan-makmur-orm/usecase/vehicle_usecase.go:61.51,63.3 1 0
github.com/jutionck/golang-db-sinar-harapan-makmur-orm/usecase/vehicle_usecase.go:64.2,64.42 1 0
github.com/jutionck/golang-db-sinar-harapan-makmur-orm/usecase/vehicle_usecase.go:68.105,72.16 4 0
github.com/jutionck/golang-db-sinar-harapan-makmur-orm/usecase/vehicle_usecase.go:72.16,74.3 1 0
github.com/jutionck/golang-db-sinar-harapan-makmur-orm/usecase/vehicle_usecase.go:76.2,79.16 4 0
github.com/jutionck/golang-db-sinar-harapan-makmur-orm/usecase/vehicle_usecase.go:79.16,81.3 1 0
github.com/jutionck/golang-db-sinar-harapan-makmur-orm/usecase/vehicle_usecase.go:82.2,82.12 1 0
github.com/jutionck/golang-db-sinar-harapan-makmur-orm/usecase/vehicle_usecase.go:89.18,95.2 1 0
